<?xml version="1.0" encoding="UTF-8"?>
<testsuite name="edu.virginia.cs.ExampleTest" tests="1" skipped="0" failures="0" errors="0" timestamp="2022-09-16T03:09:50" hostname="战术主动制导装" time="0.023">
  <properties/>
  <testcase name="testSQRT()" classname="edu.virginia.cs.ExampleTest" time="0.023"/>
  <system-out><![CDATA[]]></system-out>
  <system-err><![CDATA[]]></system-err>
</testsuite>
