<?xml version="1.0" encoding="UTF-8"?>
<testsuite name="edu.virginia.cs.hw3.HuntingtonAlgorithmTester" tests="3" skipped="0" failures="0" errors="0" timestamp="2022-10-15T19:00:03" hostname="战术主动制导装" time="0.081">
  <properties/>
  <testcase name="Hungtingon Hill tested with only one state" classname="edu.virginia.cs.hw3.HuntingtonAlgorithmTester" time="0.001"/>
  <testcase name="Hungtingon Hill tested with shortened statelist" classname="edu.virginia.cs.hw3.HuntingtonAlgorithmTester" time="0.043"/>
  <testcase name="Hungtingon Hill tested with sample state list" classname="edu.virginia.cs.hw3.HuntingtonAlgorithmTester" time="0.035"/>
  <system-out><![CDATA[11
1
8
5
Row 7 contains an invalid state name.
]]></system-out>
  <system-err><![CDATA[]]></system-err>
</testsuite>
